<?xml version="1.0" encoding="UTF-8"?>
<testsuite xmlns:xsi="http://www.w3.org/2001/XMLSchema-instance" xsi:noNamespaceSchemaLocation="https://maven.apache.org/surefire/maven-surefire-plugin/xsd/surefire-test-report.xsd" name="springdemocom.example.springdemo.SpringdemoApplicationTests" time="56.76" tests="8" errors="0" skipped="0" failures="0">
  <properties>
[...]
</properties>
  <testcase name="modifyUserInvalidTest" classname="springdemocom.example.springdemo.SpringdemoApplicationTests" time="0.114"/>
  <testcase name="modifyUserValidTest" classname="springdemocom.example.springdemo.SpringdemoApplicationTests" time="0.015"/>
  <testcase name="getUserValidTest" classname="springdemocom.example.springdemo.SpringdemoApplicationTests" time="0.007"/>
  <testcase name="getUserInvalidTest" classname="springdemocom.example.springdemo.SpringdemoApplicationTests" time="0.063"/>
  <testcase name="deleteUserValidTest" classname="springdemocom.example.springdemo.SpringdemoApplicationTests" time="0.005"/>
  <testcase name="deleteUserInvalidTest" classname="springdemocom.example.springdemo.SpringdemoApplicationTests" time="0.023"/>
  <testcase name="addUserValidTest" classname="springdemocom.example.springdemo.SpringdemoApplicationTests" time="0.004"/>
  <testcase name="contextLoads" classname="springdemocom.example.springdemo.SpringdemoApplicationTests" time="0.002"/>
</testsuite>